<?xml version="1.0" encoding="UTF-8"?>
<!-- Generated by org.testng.reporters.JUnitReportReporter -->
<testsuite hostname="INLAVR9W92" failures="0" tests="3" name="com.qa.hubspot.tests.LoginPageTest" time="0.693" errors="0" timestamp="03 May 2022 07:59:51 GMT" skipped="0">
  <testcase classname="com.qa.hubspot.tests.LoginPageTest" name="VerifySignUpLinkExists" time="0.191"/>
  <testcase classname="com.qa.hubspot.tests.LoginPageTest" name="verifyLoginPageTitleTest" time="0.043"/>
  <testcase classname="com.qa.hubspot.tests.LoginPageTest" name="VerifydoLoginTest" time="0.459"/>
</testsuite> <!-- com.qa.hubspot.tests.LoginPageTest -->
